e:\projects\firefly\ffscriptut\x64\debug\ffscriptut.pch
e:\projects\firefly\ffscriptut\x64\debug\vc140.pdb
e:\projects\firefly\ffscriptut\x64\debug\vc140.idb
e:\projects\firefly\ffscriptut\x64\debug\stdafx.obj
e:\projects\firefly\ffscriptut\x64\debug\makepathsut.obj
e:\projects\firefly\ffscriptut\x64\debug\memberfunctionut.obj
e:\projects\firefly\ffscriptut\x64\debug\multicompilerut.obj
e:\projects\firefly\ffscriptut\x64\debug\multiprogramut.obj
e:\projects\firefly\ffscriptut\x64\debug\multithreadut.obj
e:\projects\firefly\ffscriptut\x64\debug\operatorbracketsut.obj
e:\projects\firefly\ffscriptut\x64\debug\postfixprefixoperatorsut.obj
e:\projects\firefly\ffscriptut\x64\debug\reusingcompilerut.obj
e:\projects\firefly\ffscriptut\x64\debug\rundynamicfunctionut.obj
e:\projects\firefly\ffscriptut\x64\debug\constructordestructorut.obj
e:\projects\firefly\ffscriptut\x64\debug\scriptcompilerut.obj
e:\projects\firefly\ffscriptut\x64\debug\scripttypeut.obj
e:\projects\firefly\ffscriptut\x64\debug\semirefut.obj
e:\projects\firefly\ffscriptut\x64\debug\ffscriptut.obj
e:\projects\firefly\ffscriptut\x64\debug\stdfunctionut.obj
e:\projects\firefly\ffscriptut\x64\debug\structut.obj
e:\projects\firefly\ffscriptut\x64\debug\subscriptionut.obj
e:\projects\firefly\ffscriptut\x64\debug\unittest1.obj
e:\projects\firefly\ffscriptut\x64\debug\utility.obj
e:\projects\firefly\ffscriptut\x64\debug\vectorcompatibleut.obj
e:\projects\firefly\ffscriptut\x64\debug\assigmentcompoundut.obj
e:\projects\firefly\ffscriptut\x64\debug\bitwiseoperatorsut.obj
e:\projects\firefly\ffscriptut\x64\debug\cdeclfunctionut.obj
e:\projects\firefly\ffscriptut\x64\debug\compileprograminfile.obj
e:\projects\firefly\ffscriptut\x64\debug\compileprogramut2.obj
e:\projects\firefly\ffscriptut\x64\debug\compileprogramut.obj
e:\projects\firefly\ffscriptut\x64\debug\compiledynamicfunctionut.obj
e:\projects\firefly\ffscriptut\x64\debug\compilesuiteut.obj
e:\projects\firefly\ffscriptut\x64\debug\conditionaloperatorut.obj
e:\projects\firefly\ffscriptut\x64\debug\constructordestructorforcodeut.obj
e:\projects\firefly\ffscriptut\x64\debug\defaultoperatorsut.obj
e:\projects\firefly\ffscriptut\x64\debug\expression2plaincodeut.obj
e:\projects\firefly\ffscriptut\x64\debug\expressionlinkut.obj
e:\projects\firefly\ffscriptut\x64\debug\expressionut.obj
e:\projects\firefly\ffscriptut\x64\debug\ffscriptarrayut.obj
e:\projects\firefly\ffscriptut\x64\debug\funtionpointerut.obj
e:\projects\firefly\ffscriptut\x64\debug\internalcompliersuiteut.obj
e:\projects\firefly\ffscriptut\x64\debug\lambdaexpressionut.obj
e:\projects\firefly\ffscriptut\x64\debug\completedconstructordestructorsut.obj
e:\projects\firefly\ffscriptut\x64\debug\staticarrayut.obj
e:\projects\firefly\x64\debug\ffscriptut.lib
e:\projects\firefly\x64\debug\ffscriptut.exp
e:\projects\firefly\x64\debug\ffscriptut.ilk
e:\projects\firefly\x64\debug\ffscriptut.dll
e:\projects\firefly\x64\debug\ffscriptut.pdb
e:\projects\firefly\ffscriptut\x64\debug\ffscriptut.tlog\cl.command.1.tlog
e:\projects\firefly\ffscriptut\x64\debug\ffscriptut.tlog\cl.read.1.tlog
e:\projects\firefly\ffscriptut\x64\debug\ffscriptut.tlog\cl.write.1.tlog
e:\projects\firefly\ffscriptut\x64\debug\ffscriptut.tlog\ffscriptut.write.1u.tlog
e:\projects\firefly\ffscriptut\x64\debug\ffscriptut.tlog\link.command.1.tlog
e:\projects\firefly\ffscriptut\x64\debug\ffscriptut.tlog\link.read.1.tlog
e:\projects\firefly\ffscriptut\x64\debug\ffscriptut.tlog\link.write.1.tlog
