e:\projects\firefly\ffscriptut\x64\release\ffscriptut.pch
e:\projects\firefly\ffscriptut\x64\release\vc140.pdb
e:\projects\firefly\ffscriptut\x64\release\stdafx.obj
e:\projects\firefly\ffscriptut\x64\release\memberfunctionut.obj
e:\projects\firefly\ffscriptut\x64\release\makepathsut.obj
e:\projects\firefly\ffscriptut\x64\release\lambdaexpressionut.obj
e:\projects\firefly\ffscriptut\x64\release\internalcompliersuiteut.obj
e:\projects\firefly\ffscriptut\x64\release\funtionpointerut.obj
e:\projects\firefly\ffscriptut\x64\release\ffscriptarrayut.obj
e:\projects\firefly\ffscriptut\x64\release\expressionut.obj
e:\projects\firefly\ffscriptut\x64\release\expressionlinkut.obj
e:\projects\firefly\ffscriptut\x64\release\expression2plaincodeut.obj
e:\projects\firefly\ffscriptut\x64\release\defaultoperatorsut.obj
e:\projects\firefly\ffscriptut\x64\release\constructordestructorforcodeut.obj
e:\projects\firefly\ffscriptut\x64\release\conditionaloperatorut.obj
e:\projects\firefly\ffscriptut\x64\release\compilesuiteut.obj
e:\projects\firefly\ffscriptut\x64\release\compiledynamicfunctionut.obj
e:\projects\firefly\ffscriptut\x64\release\compileprogramut.obj
e:\projects\firefly\ffscriptut\x64\release\compileprogramut2.obj
e:\projects\firefly\ffscriptut\x64\release\compileprograminfile.obj
e:\projects\firefly\ffscriptut\x64\release\cdeclfunctionut.obj
e:\projects\firefly\ffscriptut\x64\release\bitwiseoperatorsut.obj
e:\projects\firefly\ffscriptut\x64\release\assigmentcompoundut.obj
e:\projects\firefly\ffscriptut\x64\release\vectorcompatibleut.obj
e:\projects\firefly\ffscriptut\x64\release\utility.obj
e:\projects\firefly\ffscriptut\x64\release\unittest1.obj
e:\projects\firefly\ffscriptut\x64\release\subscriptionut.obj
e:\projects\firefly\ffscriptut\x64\release\structut.obj
e:\projects\firefly\ffscriptut\x64\release\stdfunctionut.obj
e:\projects\firefly\ffscriptut\x64\release\ffscriptut.obj
e:\projects\firefly\ffscriptut\x64\release\semirefut.obj
e:\projects\firefly\ffscriptut\x64\release\scripttypeut.obj
e:\projects\firefly\ffscriptut\x64\release\scriptcompilerut.obj
e:\projects\firefly\ffscriptut\x64\release\constructordestructorut.obj
e:\projects\firefly\ffscriptut\x64\release\rundynamicfunctionut.obj
e:\projects\firefly\ffscriptut\x64\release\reusingcompilerut.obj
e:\projects\firefly\ffscriptut\x64\release\postfixprefixoperatorsut.obj
e:\projects\firefly\ffscriptut\x64\release\operatorbracketsut.obj
e:\projects\firefly\ffscriptut\x64\release\multithreadut.obj
e:\projects\firefly\ffscriptut\x64\release\multiprogramut.obj
e:\projects\firefly\ffscriptut\x64\release\multicompilerut.obj
e:\projects\firefly\ffscriptut\x64\release\completedconstructordestructorsut.obj
e:\projects\firefly\ffscriptut\x64\release\staticarrayut.obj
e:\projects\firefly\x64\release\ffscriptut.lib
e:\projects\firefly\x64\release\ffscriptut.exp
e:\projects\firefly\x64\release\ffscriptut.dll
e:\projects\firefly\x64\release\ffscriptut.ipdb
e:\projects\firefly\x64\release\ffscriptut.iobj
e:\projects\firefly\x64\release\ffscriptut.pdb
e:\projects\firefly\ffscriptut\x64\release\ffscriptut.tlog\cl.command.1.tlog
e:\projects\firefly\ffscriptut\x64\release\ffscriptut.tlog\cl.read.1.tlog
e:\projects\firefly\ffscriptut\x64\release\ffscriptut.tlog\cl.write.1.tlog
e:\projects\firefly\ffscriptut\x64\release\ffscriptut.tlog\ffscriptut.write.1u.tlog
e:\projects\firefly\ffscriptut\x64\release\ffscriptut.tlog\link.command.1.tlog
e:\projects\firefly\ffscriptut\x64\release\ffscriptut.tlog\link.read.1.tlog
e:\projects\firefly\ffscriptut\x64\release\ffscriptut.tlog\link.write.1.tlog
